<?xml version="1.0" encoding="UTF-8"?>
<testsuite xmlns:xsi="http://www.w3.org/2001/XMLSchema-instance" xsi:noNamespaceSchemaLocation="https://maven.apache.org/surefire/maven-surefire-plugin/xsd/surefire-test-report-3.0.xsd" version="3.0" name="pl.leroymerlin.ordersystem.web.OrderControllerTest" time="2.966" tests="2" errors="0" skipped="0" failures="0">
  <properties>
[...]
</properties>
  <testcase name="shouldCreateAndGetOrder" classname="pl.leroymerlin.ordersystem.web.OrderControllerTest" time="0.457">
    <system-out><![CDATA[Standard Commons Logging discovery in action with spring-jcl: please remove commons-logging.jar from classpath in order to avoid potential conflicts
12:57:53.908 [main] INFO org.springframework.test.context.support.AnnotationConfigContextLoaderUtils -- Could not detect default configuration classes for test class [pl.leroymerlin.ordersystem.web.OrderControllerTest]: OrderControllerTest does not declare any static, non-private, non-final, nested classes annotated with @Configuration.
12:57:53.974 [main] INFO org.springframework.boot.test.context.SpringBootTestContextBootstrapper -- Found @SpringBootConfiguration pl.leroymerlin.ordersystem.OrderSystemApplication for test class pl.leroymerlin.ordersystem.web.OrderControllerTest

  .   ____          _            __ _ _
 /\\ / ___'_ __ _ _(_)_ __  __ _ \ \ \ \
( ( )\___ | '_ | '_| | '_ \/ _` | \ \ \ \
 \\/  ___)| |_)| | | | | || (_| |  ) ) ) )
  '  |____| .__|_| |_|_| |_\__, | / / / /
 =========|_|==============|___/=/_/_/_/
 :: Spring Boot ::                (v3.2.6)

2025-05-26T12:57:54.159+02:00  INFO 64142 --- [           main] p.l.ordersystem.web.OrderControllerTest  : Starting OrderControllerTest using Java 23.0.2 with PID 64142 (started by gskotniczny in /private/var/www/SkoT/java/ordersystem)
2025-05-26T12:57:54.160+02:00  INFO 64142 --- [           main] p.l.ordersystem.web.OrderControllerTest  : No active profile set, falling back to 1 default profile: "default"
2025-05-26T12:57:54.499+02:00  INFO 64142 --- [           main] .s.d.r.c.RepositoryConfigurationDelegate : Bootstrapping Spring Data JPA repositories in DEFAULT mode.
2025-05-26T12:57:54.533+02:00  INFO 64142 --- [           main] .s.d.r.c.RepositoryConfigurationDelegate : Finished Spring Data repository scanning in 30 ms. Found 2 JPA repository interfaces.
2025-05-26T12:57:54.765+02:00  INFO 64142 --- [           main] o.hibernate.jpa.internal.util.LogHelper  : HHH000204: Processing PersistenceUnitInfo [name: default]
2025-05-26T12:57:54.790+02:00  INFO 64142 --- [           main] org.hibernate.Version                    : HHH000412: Hibernate ORM core version 6.4.8.Final
2025-05-26T12:57:54.806+02:00  INFO 64142 --- [           main] o.h.c.internal.RegionFactoryInitiator    : HHH000026: Second-level cache disabled
2025-05-26T12:57:54.921+02:00  INFO 64142 --- [           main] o.s.o.j.p.SpringPersistenceUnitInfo      : No LoadTimeWeaver setup: ignoring JPA class transformer
2025-05-26T12:57:54.933+02:00  INFO 64142 --- [           main] com.zaxxer.hikari.HikariDataSource       : HikariPool-1 - Starting...
2025-05-26T12:57:54.996+02:00  INFO 64142 --- [           main] com.zaxxer.hikari.pool.HikariPool        : HikariPool-1 - Added connection org.postgresql.jdbc.PgConnection@3e2d8623
2025-05-26T12:57:54.997+02:00  INFO 64142 --- [           main] com.zaxxer.hikari.HikariDataSource       : HikariPool-1 - Start completed.
2025-05-26T12:57:55.428+02:00  INFO 64142 --- [           main] o.h.e.t.j.p.i.JtaPlatformInitiator       : HHH000489: No JTA platform available (set 'hibernate.transaction.jta.platform' to enable JTA platform integration)
2025-05-26T12:57:55.495+02:00  INFO 64142 --- [           main] j.LocalContainerEntityManagerFactoryBean : Initialized JPA EntityManagerFactory for persistence unit 'default'
2025-05-26T12:57:55.736+02:00  WARN 64142 --- [           main] JpaBaseConfiguration$JpaWebConfiguration : spring.jpa.open-in-view is enabled by default. Therefore, database queries may be performed during view rendering. Explicitly configure spring.jpa.open-in-view to disable this warning
2025-05-26T12:57:55.991+02:00  WARN 64142 --- [           main] .s.s.UserDetailsServiceAutoConfiguration : 

Using generated security password: 4b0032a6-5103-4bc3-84d7-dfd18a7880d4

This generated password is for development use only. Your security configuration must be updated before running your application in production.

2025-05-26T12:57:56.069+02:00  INFO 64142 --- [           main] o.s.s.web.DefaultSecurityFilterChain     : Will secure any request with [org.springframework.security.web.session.DisableEncodeUrlFilter@37596b44, org.springframework.security.web.context.request.async.WebAsyncManagerIntegrationFilter@29ec5005, org.springframework.security.web.context.SecurityContextHolderFilter@33602729, org.springframework.security.web.header.HeaderWriterFilter@672c4e24, org.springframework.web.filter.CorsFilter@42ceb67f, org.springframework.security.web.csrf.CsrfFilter@9e2b199, org.springframework.security.web.authentication.logout.LogoutFilter@6dcb4f30, org.springframework.security.web.authentication.UsernamePasswordAuthenticationFilter@1142843c, org.springframework.security.web.authentication.ui.DefaultLoginPageGeneratingFilter@112f8f8f, org.springframework.security.web.authentication.ui.DefaultLogoutPageGeneratingFilter@52e44f71, org.springframework.security.web.authentication.www.BasicAuthenticationFilter@4d1a763c, org.springframework.security.web.savedrequest.RequestCacheAwareFilter@7bf3bf2e, org.springframework.security.web.servletapi.SecurityContextHolderAwareRequestFilter@581cb879, org.springframework.security.web.authentication.AnonymousAuthenticationFilter@2e1b1d22, org.springframework.security.web.access.ExceptionTranslationFilter@360ccb68, org.springframework.security.web.access.intercept.AuthorizationFilter@541c76fd]
2025-05-26T12:57:56.106+02:00  INFO 64142 --- [           main] o.s.b.t.m.w.SpringBootMockServletContext : Initializing Spring TestDispatcherServlet ''
2025-05-26T12:57:56.106+02:00  INFO 64142 --- [           main] o.s.t.web.servlet.TestDispatcherServlet  : Initializing Servlet ''
2025-05-26T12:57:56.106+02:00  INFO 64142 --- [           main] o.s.t.web.servlet.TestDispatcherServlet  : Completed initialization in 0 ms
2025-05-26T12:57:56.121+02:00  INFO 64142 --- [           main] p.l.ordersystem.web.OrderControllerTest  : Started OrderControllerTest in 2.09 seconds (process running for 2.638)
Hibernate: select count(*) from product p1_0
Hibernate: select o1_0.id,o1_0.created_at,o1_0.customer_id,o1_0.status,o1_0.updated_at,i1_0.order_id,i1_1.id,o2_0.id,o2_0.created_at,o2_0.customer_id,o2_0.status,o2_0.updated_at,i1_1.price,i1_1.product_id,i1_1.quantity from orders o1_0 left join orders_items i1_0 on o1_0.id=i1_0.order_id left join order_item i1_1 on i1_1.id=i1_0.items_id left join orders o2_0 on o2_0.id=i1_1.order_id where o1_0.id=?
Hibernate: insert into orders (created_at,customer_id,status,updated_at,id) values (?,?,?,?,?)
Hibernate: insert into order_item (order_id,price,product_id,quantity) values (?,?,?,?)
Hibernate: insert into orders_items (order_id,items_id) values (?,?)
Hibernate: select o1_0.id,o1_0.created_at,o1_0.customer_id,o1_0.status,o1_0.updated_at from orders o1_0 where o1_0.id=?
Hibernate: select i1_0.order_id,i1_1.id,o1_0.id,o1_0.created_at,o1_0.customer_id,o1_0.status,o1_0.updated_at,i1_1.price,i1_1.product_id,i1_1.quantity from orders_items i1_0 join order_item i1_1 on i1_1.id=i1_0.items_id left join orders o1_0 on o1_0.id=i1_1.order_id where i1_0.order_id=?
]]></system-out>
    <system-err><![CDATA[WARNING: A Java agent has been loaded dynamically (/Users/gskotniczny/.m2/repository/net/bytebuddy/byte-buddy-agent/1.14.16/byte-buddy-agent-1.14.16.jar)
WARNING: If a serviceability tool is in use, please run with -XX:+EnableDynamicAgentLoading to hide this warning
WARNING: If a serviceability tool is not in use, please run with -Djdk.instrument.traceUsage for more information
WARNING: Dynamic loading of agents will be disallowed by default in a future release
]]></system-err>
  </testcase>
  <testcase name="shouldReturnAllOrders" classname="pl.leroymerlin.ordersystem.web.OrderControllerTest" time="0.015">
    <system-out><![CDATA[Hibernate: select o1_0.id,o1_0.created_at,o1_0.customer_id,o1_0.status,o1_0.updated_at from orders o1_0
Hibernate: select i1_0.order_id,i1_1.id,o1_0.id,o1_0.created_at,o1_0.customer_id,o1_0.status,o1_0.updated_at,i1_1.price,i1_1.product_id,i1_1.quantity from orders_items i1_0 join order_item i1_1 on i1_1.id=i1_0.items_id left join orders o1_0 on o1_0.id=i1_1.order_id where i1_0.order_id=?
]]></system-out>
  </testcase>
</testsuite>